{"/home/mrwaite/nodejsWorkSpace/lesson8/app.js":{"path":"/home/mrwaite/nodejsWorkSpace/lesson8/app.js","s":{"1":1,"2":1,"3":1,"4":1,"5":1,"6":1,"7":1,"8":1,"9":1,"10":1,"11":1,"12":1,"13":1,"14":1,"15":1,"16":1,"17":1,"18":1,"19":1,"20":1,"21":1,"22":0,"23":0,"24":0,"25":1,"26":1,"27":0,"28":0,"29":1,"30":0,"31":0,"32":1},"b":{"1":[1,1],"2":[1,0],"3":[0,0],"4":[0,0]},"f":{"1":1,"2":0,"3":0,"4":0},"fnMap":{"1":{"name":"(anonymous_1)","line":31,"loc":{"start":{"line":31,"column":28},"end":{"line":31,"column":40}}},"2":{"name":"(anonymous_2)","line":36,"loc":{"start":{"line":36,"column":8},"end":{"line":36,"column":33}}},"3":{"name":"(anonymous_3)","line":47,"loc":{"start":{"line":47,"column":10},"end":{"line":47,"column":40}}},"4":{"name":"(anonymous_4)","line":58,"loc":{"start":{"line":58,"column":8},"end":{"line":58,"column":38}}}},"statementMap":{"1":{"start":{"line":1,"column":0},"end":{"line":1,"column":33}},"2":{"start":{"line":2,"column":0},"end":{"line":2,"column":27}},"3":{"start":{"line":3,"column":0},"end":{"line":3,"column":39}},"4":{"start":{"line":4,"column":0},"end":{"line":4,"column":31}},"5":{"start":{"line":5,"column":0},"end":{"line":5,"column":44}},"6":{"start":{"line":6,"column":0},"end":{"line":6,"column":40}},"7":{"start":{"line":8,"column":0},"end":{"line":8,"column":39}},"8":{"start":{"line":9,"column":0},"end":{"line":9,"column":38}},"9":{"start":{"line":11,"column":0},"end":{"line":11,"column":20}},"10":{"start":{"line":13,"column":0},"end":{"line":13,"column":42}},"11":{"start":{"line":15,"column":0},"end":{"line":15,"column":48}},"12":{"start":{"line":16,"column":0},"end":{"line":16,"column":30}},"13":{"start":{"line":20,"column":0},"end":{"line":20,"column":23}},"14":{"start":{"line":21,"column":0},"end":{"line":21,"column":27}},"15":{"start":{"line":22,"column":0},"end":{"line":22,"column":52}},"16":{"start":{"line":23,"column":0},"end":{"line":23,"column":24}},"17":{"start":{"line":24,"column":0},"end":{"line":24,"column":56}},"18":{"start":{"line":27,"column":0},"end":{"line":27,"column":12}},"19":{"start":{"line":31,"column":0},"end":{"line":33,"column":3}},"20":{"start":{"line":32,"column":4},"end":{"line":32,"column":71}},"21":{"start":{"line":36,"column":0},"end":{"line":40,"column":3}},"22":{"start":{"line":37,"column":2},"end":{"line":37,"column":35}},"23":{"start":{"line":38,"column":2},"end":{"line":38,"column":19}},"24":{"start":{"line":39,"column":2},"end":{"line":39,"column":12}},"25":{"start":{"line":46,"column":0},"end":{"line":54,"column":1}},"26":{"start":{"line":47,"column":2},"end":{"line":53,"column":5}},"27":{"start":{"line":48,"column":4},"end":{"line":48,"column":34}},"28":{"start":{"line":49,"column":4},"end":{"line":52,"column":7}},"29":{"start":{"line":58,"column":0},"end":{"line":64,"column":3}},"30":{"start":{"line":59,"column":2},"end":{"line":59,"column":32}},"31":{"start":{"line":60,"column":2},"end":{"line":63,"column":5}},"32":{"start":{"line":67,"column":0},"end":{"line":67,"column":21}}},"branchMap":{"1":{"line":13,"type":"binary-expr","locations":[{"start":{"line":13,"column":16},"end":{"line":13,"column":32}},{"start":{"line":13,"column":36},"end":{"line":13,"column":40}}]},"2":{"line":46,"type":"if","locations":[{"start":{"line":46,"column":0},"end":{"line":46,"column":0}},{"start":{"line":46,"column":0},"end":{"line":46,"column":0}}]},"3":{"line":48,"type":"binary-expr","locations":[{"start":{"line":48,"column":15},"end":{"line":48,"column":25}},{"start":{"line":48,"column":29},"end":{"line":48,"column":32}}]},"4":{"line":59,"type":"binary-expr","locations":[{"start":{"line":59,"column":13},"end":{"line":59,"column":23}},{"start":{"line":59,"column":27},"end":{"line":59,"column":30}}]}}},"/home/mrwaite/nodejsWorkSpace/lesson8/routes/index.js":{"path":"/home/mrwaite/nodejsWorkSpace/lesson8/routes/index.js","s":{"1":1,"2":1,"3":1,"4":1,"5":7,"6":7,"7":7,"8":4,"9":1,"10":183,"11":1,"12":182,"13":2,"14":180,"15":1,"16":179,"17":35,"18":144,"19":56,"20":88},"b":{"1":[1,182],"2":[2,180],"3":[1,179],"4":[180,180],"5":[35,144],"6":[56,88]},"f":{"1":1,"2":7,"3":183},"fnMap":{"1":{"name":"(anonymous_1)","line":7,"loc":{"start":{"line":7,"column":17},"end":{"line":7,"column":32}}},"2":{"name":"(anonymous_2)","line":8,"loc":{"start":{"line":8,"column":18},"end":{"line":8,"column":38}}},"3":{"name":"(anonymous_3)","line":23,"loc":{"start":{"line":23,"column":18},"end":{"line":23,"column":31}}}},"statementMap":{"1":{"start":{"line":1,"column":0},"end":{"line":1,"column":33}},"2":{"start":{"line":2,"column":0},"end":{"line":2,"column":30}},"3":{"start":{"line":7,"column":0},"end":{"line":43,"column":2}},"4":{"start":{"line":8,"column":2},"end":{"line":21,"column":5}},"5":{"start":{"line":10,"column":4},"end":{"line":10,"column":32}},"6":{"start":{"line":11,"column":4},"end":{"line":20,"column":5}},"7":{"start":{"line":14,"column":6},"end":{"line":14,"column":37}},"8":{"start":{"line":17,"column":6},"end":{"line":19,"column":27}},"9":{"start":{"line":23,"column":2},"end":{"line":42,"column":4}},"10":{"start":{"line":24,"column":4},"end":{"line":26,"column":7}},"11":{"start":{"line":25,"column":8},"end":{"line":25,"column":41}},"12":{"start":{"line":27,"column":4},"end":{"line":29,"column":5}},"13":{"start":{"line":28,"column":6},"end":{"line":28,"column":40}},"14":{"start":{"line":32,"column":4},"end":{"line":34,"column":5}},"15":{"start":{"line":33,"column":6},"end":{"line":33,"column":46}},"16":{"start":{"line":35,"column":4},"end":{"line":37,"column":5}},"17":{"start":{"line":36,"column":8},"end":{"line":36,"column":17}},"18":{"start":{"line":38,"column":4},"end":{"line":40,"column":5}},"19":{"start":{"line":39,"column":6},"end":{"line":39,"column":15}},"20":{"start":{"line":41,"column":4},"end":{"line":41,"column":47}}},"branchMap":{"1":{"line":24,"type":"if","locations":[{"start":{"line":24,"column":4},"end":{"line":24,"column":4}},{"start":{"line":24,"column":4},"end":{"line":24,"column":4}}]},"2":{"line":27,"type":"if","locations":[{"start":{"line":27,"column":4},"end":{"line":27,"column":4}},{"start":{"line":27,"column":4},"end":{"line":27,"column":4}}]},"3":{"line":32,"type":"if","locations":[{"start":{"line":32,"column":4},"end":{"line":32,"column":4}},{"start":{"line":32,"column":4},"end":{"line":32,"column":4}}]},"4":{"line":32,"type":"binary-expr","locations":[{"start":{"line":32,"column":8},"end":{"line":32,"column":29}},{"start":{"line":32,"column":33},"end":{"line":32,"column":41}}]},"5":{"line":35,"type":"if","locations":[{"start":{"line":35,"column":4},"end":{"line":35,"column":4}},{"start":{"line":35,"column":4},"end":{"line":35,"column":4}}]},"6":{"line":38,"type":"if","locations":[{"start":{"line":38,"column":4},"end":{"line":38,"column":4}},{"start":{"line":38,"column":4},"end":{"line":38,"column":4}}]}}},"/home/mrwaite/nodejsWorkSpace/lesson8/routes/users.js":{"path":"/home/mrwaite/nodejsWorkSpace/lesson8/routes/users.js","s":{"1":1,"2":1,"3":1,"4":0,"5":1},"b":{},"f":{"1":0},"fnMap":{"1":{"name":"(anonymous_1)","line":5,"loc":{"start":{"line":5,"column":16},"end":{"line":5,"column":41}}}},"statementMap":{"1":{"start":{"line":1,"column":0},"end":{"line":1,"column":33}},"2":{"start":{"line":2,"column":0},"end":{"line":2,"column":30}},"3":{"start":{"line":5,"column":0},"end":{"line":7,"column":3}},"4":{"start":{"line":6,"column":2},"end":{"line":6,"column":38}},"5":{"start":{"line":9,"column":0},"end":{"line":9,"column":24}}},"branchMap":{}}}