TN:
SF:/home/mrwaite/nodejsWorkSpace/lesson8/app.js
FN:31,(anonymous_1)
FN:36,(anonymous_2)
FN:47,(anonymous_3)
FN:58,(anonymous_4)
FNF:4
FNH:1
FNDA:1,(anonymous_1)
FNDA:0,(anonymous_2)
FNDA:0,(anonymous_3)
FNDA:0,(anonymous_4)
DA:1,1
DA:2,1
DA:3,1
DA:4,1
DA:5,1
DA:6,1
DA:8,1
DA:9,1
DA:11,1
DA:13,1
DA:15,1
DA:16,1
DA:20,1
DA:21,1
DA:22,1
DA:23,1
DA:24,1
DA:27,1
DA:31,1
DA:32,1
DA:36,1
DA:37,0
DA:38,0
DA:39,0
DA:46,1
DA:47,1
DA:48,0
DA:49,0
DA:58,1
DA:59,0
DA:60,0
DA:67,1
LF:32
LH:25
BRDA:13,1,0,1
BRDA:13,1,1,1
BRDA:46,2,0,1
BRDA:46,2,1,0
BRDA:48,3,0,0
BRDA:48,3,1,0
BRDA:59,4,0,0
BRDA:59,4,1,0
BRF:8
BRH:3
end_of_record
TN:
SF:/home/mrwaite/nodejsWorkSpace/lesson8/routes/index.js
FN:7,(anonymous_1)
FN:8,(anonymous_2)
FN:23,(anonymous_3)
FNF:3
FNH:3
FNDA:1,(anonymous_1)
FNDA:7,(anonymous_2)
FNDA:183,(anonymous_3)
DA:1,1
DA:2,1
DA:7,1
DA:8,1
DA:10,7
DA:11,7
DA:14,7
DA:17,4
DA:23,1
DA:24,183
DA:25,1
DA:27,182
DA:28,2
DA:32,180
DA:33,1
DA:35,179
DA:36,35
DA:38,144
DA:39,56
DA:41,88
LF:20
LH:20
BRDA:24,1,0,1
BRDA:24,1,1,182
BRDA:27,2,0,2
BRDA:27,2,1,180
BRDA:32,3,0,1
BRDA:32,3,1,179
BRDA:32,4,0,180
BRDA:32,4,1,180
BRDA:35,5,0,35
BRDA:35,5,1,144
BRDA:38,6,0,56
BRDA:38,6,1,88
BRF:12
BRH:12
end_of_record
TN:
SF:/home/mrwaite/nodejsWorkSpace/lesson8/routes/users.js
FN:5,(anonymous_1)
FNF:1
FNH:0
FNDA:0,(anonymous_1)
DA:1,1
DA:2,1
DA:5,1
DA:6,0
DA:9,1
LF:5
LH:4
BRF:0
BRH:0
end_of_record
